<?xml version="1.0" encoding="UTF-8"?>
<!-- Generated by org.testng.reporters.JUnitXMLReporter -->
<testsuite ignored="0" hostname="DESKTOP-T3C81C9" failures="1" tests="1" name="Test" time="0.107" errors="0" timestamp="2021-08-09T00:18:05 EEST">
  <testcase classname="com.qa.tests.LoginTest" name="userLogin" time="0.022">
    <failure type="java.lang.IllegalArgumentException" message="Input must be set">
      <![CDATA[java.lang.IllegalArgumentException: Input must be set
at org.openqa.selenium.internal.Require.nonNull(Require.java:56)
at org.openqa.selenium.support.ui.FluentWait.<init>(FluentWait.java:97)
at org.openqa.selenium.support.ui.WebDriverWait.<init>(WebDriverWait.java:128)
at org.openqa.selenium.support.ui.WebDriverWait.<init>(WebDriverWait.java:61)
at org.openqa.selenium.support.ui.WebDriverWait.<init>(WebDriverWait.java:48)
at com.qa.BaseTest.waitForVisibility(BaseTest.java:61)
at com.qa.BaseTest.sendKeys(BaseTest.java:71)
at com.qa.pages.LoginPage.enterUserName(LoginPage.java:15)
at com.qa.tests.LoginTest.userLogin(LoginTest.java:40)
at java.base/java.util.ArrayList.forEach(ArrayList.java:1511)
... Removed 27 stack frames]]>
    </failure>
  </testcase> <!-- userLogin -->
</testsuite> <!-- Test -->
